<?xml version="1.0" encoding="UTF-8"?>
<testsuite xmlns:xsi="http://www.w3.org/2001/XMLSchema-instance" xsi:noNamespaceSchemaLocation="https://maven.apache.org/surefire/maven-surefire-plugin/xsd/surefire-test-report.xsd" name="TestDeclareInitial" time="0.487" tests="9" errors="0" skipped="0" failures="0">
  <properties>
[...]
</properties>
  <testcase name="testDeclareAlone" classname="TestDeclareInitial" time="0.377"/>
  <testcase name="testStatefulComVarWrongType" classname="TestDeclareInitial" time="0.047"/>
  <testcase name="testDeclareAndInitial" classname="TestDeclareInitial" time="0.015"/>
  <testcase name="testStatefulComVarCorrect" classname="TestDeclareInitial" time="0.034"/>
  <testcase name="testDeclareWrongType1" classname="TestDeclareInitial" time="0"/>
  <testcase name="testDeclareWrongType2" classname="TestDeclareInitial" time="0"/>
  <testcase name="testInitialOnly" classname="TestDeclareInitial" time="0"/>
  <testcase name="testDeclareThenInitial" classname="TestDeclareInitial" time="0.014"/>
  <testcase name="testStatefulComNoVariable" classname="TestDeclareInitial" time="0"/>
</testsuite>